mode: set
/Users/bhumi/go-practice-programs/sorting/selection_sort/selection_sort.go:6.38,7.33 1 1
/Users/bhumi/go-practice-programs/sorting/selection_sort/selection_sort.go:17.2,17.13 1 1
/Users/bhumi/go-practice-programs/sorting/selection_sort/selection_sort.go:7.33,10.38 2 1
/Users/bhumi/go-practice-programs/sorting/selection_sort/selection_sort.go:15.3,15.52 1 1
/Users/bhumi/go-practice-programs/sorting/selection_sort/selection_sort.go:10.38,11.32 1 1
/Users/bhumi/go-practice-programs/sorting/selection_sort/selection_sort.go:11.32,13.5 1 1
